<?xml version="1.0" encoding="UTF-8"?>
<testsuite xmlns:xsi="http://www.w3.org/2001/XMLSchema-instance" xsi:noNamespaceSchemaLocation="https://maven.apache.org/surefire/maven-surefire-plugin/xsd/surefire-test-report.xsd" name="com.informaticsint.fixed.service.BasicDetailServiceTest" time="0.511" tests="8" errors="0" skipped="0" failures="0">
  <properties>
[...]
</properties>
  <testcase name="testGetGenderByIdFail" classname="com.informaticsint.fixed.service.BasicDetailServiceTest" time="0.006"/>
  <testcase name="testGetCivilStatusSuccess" classname="com.informaticsint.fixed.service.BasicDetailServiceTest" time="0.003"/>
  <testcase name="testGetAllGendersSuccess" classname="com.informaticsint.fixed.service.BasicDetailServiceTest" time="0.005"/>
  <testcase name="testGetAllCivilStatusEmptyArray" classname="com.informaticsint.fixed.service.BasicDetailServiceTest" time="0.002"/>
  <testcase name="testGetAllGendersEmptyArray" classname="com.informaticsint.fixed.service.BasicDetailServiceTest" time="0.003"/>
  <testcase name="testGetAllCivilStatusSuccess" classname="com.informaticsint.fixed.service.BasicDetailServiceTest" time="0.003"/>
  <testcase name="testGetCivilStatusFail" classname="com.informaticsint.fixed.service.BasicDetailServiceTest" time="0.003"/>
  <testcase name="testGetGenderByIdSuccess" classname="com.informaticsint.fixed.service.BasicDetailServiceTest" time="0.002"/>
</testsuite>